<?xml version="1.0" encoding="UTF-8"?>
<!-- Generated by org.testng.reporters.JUnitReportReporter -->
<testsuite skipped="0" hostname="Suuresh-PC" name="com.Demo.Project.testClass.TestNGExecutionOrder" tests="1" failures="0" timestamp="04 Oct 2018 04:05:53 GMT" time="0.010" errors="0">
  <testcase name="show" time="0.010" classname="com.Demo.Project.testClass.TestNGExecutionOrder"/>
</testsuite> <!-- com.Demo.Project.testClass.TestNGExecutionOrder -->
